The system is: Darwin - 12.4.0 - i386
Compiling the CXX compiler identification source file "CMakeCXXCompilerId.cpp" succeeded.
Compiler: /usr/bin/c++ 
Build flags: 
Id flags: 

The output was:
0


Compilation of the CXX compiler identification source "CMakeCXXCompilerId.cpp" produced "a.out"

The CXX compiler identification is Clang, found in "/Users/Muku/Desktop/MatchPill/opencv/build/CMakeFiles/2.8.11.1/CompilerIdCXX/a.out"

Compiling the C compiler identification source file "CMakeCCompilerId.c" succeeded.
Compiler: /usr/bin/cc 
Build flags: 
Id flags: 

The output was:
0


Compilation of the C compiler identification source "CMakeCCompilerId.c" produced "a.out"

The C compiler identification is Clang, found in "/Users/Muku/Desktop/MatchPill/opencv/build/CMakeFiles/2.8.11.1/CompilerIdC/a.out"

Determining if the CXX compiler works passed with the following output:
Change Dir: /Users/Muku/Desktop/MatchPill/opencv/build/CMakeFiles/CMakeTmp

Run Build Command:/usr/bin/make "cmTryCompileExec2215564027/fast"
/usr/bin/make -f CMakeFiles/cmTryCompileExec2215564027.dir/build.make CMakeFiles/cmTryCompileExec2215564027.dir/build
"/Users/Muku/Desktop/CMake 2.8-11.app/Contents/bin/cmake" -E cmake_progress_report /Users/Muku/Desktop/MatchPill/opencv/build/CMakeFiles/CMakeTmp/CMakeFiles 1
Building CXX object CMakeFiles/cmTryCompileExec2215564027.dir/testCXXCompiler.cxx.o
/usr/bin/c++     -o CMakeFiles/cmTryCompileExec2215564027.dir/testCXXCompiler.cxx.o -c /Users/Muku/Desktop/MatchPill/opencv/build/CMakeFiles/CMakeTmp/testCXXCompiler.cxx
Linking CXX executable cmTryCompileExec2215564027
"/Users/Muku/Desktop/CMake 2.8-11.app/Contents/bin/cmake" -E cmake_link_script CMakeFiles/cmTryCompileExec2215564027.dir/link.txt --verbose=1
/usr/bin/c++       -Wl,-search_paths_first -Wl,-headerpad_max_install_names   CMakeFiles/cmTryCompileExec2215564027.dir/testCXXCompiler.cxx.o  -o cmTryCompileExec2215564027  


Detecting CXX compiler ABI info compiled with the following output:
Change Dir: /Users/Muku/Desktop/MatchPill/opencv/build/CMakeFiles/CMakeTmp

Run Build Command:/usr/bin/make "cmTryCompileExec416558204/fast"
/usr/bin/make -f CMakeFiles/cmTryCompileExec416558204.dir/build.make CMakeFiles/cmTryCompileExec416558204.dir/build
"/Users/Muku/Desktop/CMake 2.8-11.app/Contents/bin/cmake" -E cmake_progress_report /Users/Muku/Desktop/MatchPill/opencv/build/CMakeFiles/CMakeTmp/CMakeFiles 1
Building CXX object CMakeFiles/cmTryCompileExec416558204.dir/CMakeCXXCompilerABI.cpp.o
/usr/bin/c++     -o CMakeFiles/cmTryCompileExec416558204.dir/CMakeCXXCompilerABI.cpp.o -c "/Users/Muku/Desktop/CMake 2.8-11.app/Contents/share/cmake-2.8/Modules/CMakeCXXCompilerABI.cpp"
Linking CXX executable cmTryCompileExec416558204
"/Users/Muku/Desktop/CMake 2.8-11.app/Contents/bin/cmake" -E cmake_link_script CMakeFiles/cmTryCompileExec416558204.dir/link.txt --verbose=1
/usr/bin/c++       -Wl,-search_paths_first -Wl,-headerpad_max_install_names -v -Wl,-v CMakeFiles/cmTryCompileExec416558204.dir/CMakeCXXCompilerABI.cpp.o  -o cmTryCompileExec416558204   
Apple LLVM version 4.2 (clang-425.0.28) (based on LLVM 3.2svn)
Target: x86_64-apple-darwin12.4.0
Thread model: posix
 "/usr/bin/ld" -demangle -dynamic -arch x86_64 -macosx_version_min 10.8.0 -o cmTryCompileExec416558204 -search_paths_first -headerpad_max_install_names -v CMakeFiles/cmTryCompileExec416558204.dir/CMakeCXXCompilerABI.cpp.o -lstdc++ -lSystem /usr/bin/../lib/clang/4.2/lib/darwin/libclang_rt.osx.a
@(#)PROGRAM:ld  PROJECT:ld64-136
configured to support archs: armv6 armv7 armv7s i386 x86_64
Library search paths:
	/usr/lib
	/usr/local/lib
Framework search paths:
	/Library/Frameworks/
	/System/Library/Frameworks/


Parsed CXX implicit link information from above output:
  link line regex: [^( *|.*[/\])(ld|ld|collect2)[^/\]*( |$)]
  ignore line: [Change Dir: /Users/Muku/Desktop/MatchPill/opencv/build/CMakeFiles/CMakeTmp]
  ignore line: []
  ignore line: [Run Build Command:/usr/bin/make "cmTryCompileExec416558204/fast"]
  ignore line: [/usr/bin/make -f CMakeFiles/cmTryCompileExec416558204.dir/build.make CMakeFiles/cmTryCompileExec416558204.dir/build]
  ignore line: ["/Users/Muku/Desktop/CMake 2.8-11.app/Contents/bin/cmake" -E cmake_progress_report /Users/Muku/Desktop/MatchPill/opencv/build/CMakeFiles/CMakeTmp/CMakeFiles 1]
  ignore line: [Building CXX object CMakeFiles/cmTryCompileExec416558204.dir/CMakeCXXCompilerABI.cpp.o]
  ignore line: [/usr/bin/c++     -o CMakeFiles/cmTryCompileExec416558204.dir/CMakeCXXCompilerABI.cpp.o -c "/Users/Muku/Desktop/CMake 2.8-11.app/Contents/share/cmake-2.8/Modules/CMakeCXXCompilerABI.cpp"]
  ignore line: [Linking CXX executable cmTryCompileExec416558204]
  ignore line: ["/Users/Muku/Desktop/CMake 2.8-11.app/Contents/bin/cmake" -E cmake_link_script CMakeFiles/cmTryCompileExec416558204.dir/link.txt --verbose=1]
  ignore line: [/usr/bin/c++       -Wl,-search_paths_first -Wl,-headerpad_max_install_names -v -Wl,-v CMakeFiles/cmTryCompileExec416558204.dir/CMakeCXXCompilerABI.cpp.o  -o cmTryCompileExec416558204   ]
  ignore line: [Apple LLVM version 4.2 (clang-425.0.28) (based on LLVM 3.2svn)]
  ignore line: [Target: x86_64-apple-darwin12.4.0]
  ignore line: [Thread model: posix]
  link line: [ "/usr/bin/ld" -demangle -dynamic -arch x86_64 -macosx_version_min 10.8.0 -o cmTryCompileExec416558204 -search_paths_first -headerpad_max_install_names -v CMakeFiles/cmTryCompileExec416558204.dir/CMakeCXXCompilerABI.cpp.o -lstdc++ -lSystem /usr/bin/../lib/clang/4.2/lib/darwin/libclang_rt.osx.a]
    arg [/usr/bin/ld] ==> ignore
    arg [-demangle] ==> ignore
    arg [-dynamic] ==> ignore
    arg [-arch] ==> ignore
    arg [x86_64] ==> ignore
    arg [-macosx_version_min] ==> ignore
    arg [10.8.0] ==> ignore
    arg [-o] ==> ignore
    arg [cmTryCompileExec416558204] ==> ignore
    arg [-search_paths_first] ==> ignore
    arg [-headerpad_max_install_names] ==> ignore
    arg [-v] ==> ignore
    arg [CMakeFiles/cmTryCompileExec416558204.dir/CMakeCXXCompilerABI.cpp.o] ==> ignore
    arg [-lstdc++] ==> lib [stdc++]
    arg [-lSystem] ==> lib [System]
    arg [/usr/bin/../lib/clang/4.2/lib/darwin/libclang_rt.osx.a] ==> lib [/usr/bin/../lib/clang/4.2/lib/darwin/libclang_rt.osx.a]
  Library search paths: [;/usr/lib;/usr/local/lib]
  Framework search paths: [;/Library/Frameworks/;/System/Library/Frameworks/]
  remove lib [System]
  collapse lib [/usr/bin/../lib/clang/4.2/lib/darwin/libclang_rt.osx.a] ==> [/usr/lib/clang/4.2/lib/darwin/libclang_rt.osx.a]
  collapse library dir [/usr/lib] ==> [/usr/lib]
  collapse library dir [/usr/local/lib] ==> [/usr/local/lib]
  collapse framework dir [/Library/Frameworks/] ==> [/Library/Frameworks]
  collapse framework dir [/System/Library/Frameworks/] ==> [/System/Library/Frameworks]
  implicit libs: [stdc++;/usr/lib/clang/4.2/lib/darwin/libclang_rt.osx.a]
  implicit dirs: [/usr/lib;/usr/local/lib]
  implicit fwks: [/Library/Frameworks;/System/Library/Frameworks]


Determining if the C compiler works passed with the following output:
Change Dir: /Users/Muku/Desktop/MatchPill/opencv/build/CMakeFiles/CMakeTmp

Run Build Command:/usr/bin/make "cmTryCompileExec2090159655/fast"
/usr/bin/make -f CMakeFiles/cmTryCompileExec2090159655.dir/build.make CMakeFiles/cmTryCompileExec2090159655.dir/build
"/Users/Muku/Desktop/CMake 2.8-11.app/Contents/bin/cmake" -E cmake_progress_report /Users/Muku/Desktop/MatchPill/opencv/build/CMakeFiles/CMakeTmp/CMakeFiles 1
Building C object CMakeFiles/cmTryCompileExec2090159655.dir/testCCompiler.c.o
/usr/bin/cc    -o CMakeFiles/cmTryCompileExec2090159655.dir/testCCompiler.c.o   -c /Users/Muku/Desktop/MatchPill/opencv/build/CMakeFiles/CMakeTmp/testCCompiler.c
Linking C executable cmTryCompileExec2090159655
"/Users/Muku/Desktop/CMake 2.8-11.app/Contents/bin/cmake" -E cmake_link_script CMakeFiles/cmTryCompileExec2090159655.dir/link.txt --verbose=1
/usr/bin/cc      -Wl,-search_paths_first -Wl,-headerpad_max_install_names   CMakeFiles/cmTryCompileExec2090159655.dir/testCCompiler.c.o  -o cmTryCompileExec2090159655  


Detecting C compiler ABI info compiled with the following output:
Change Dir: /Users/Muku/Desktop/MatchPill/opencv/build/CMakeFiles/CMakeTmp

Run Build Command:/usr/bin/make "cmTryCompileExec399561477/fast"
/usr/bin/make -f CMakeFiles/cmTryCompileExec399561477.dir/build.make CMakeFiles/cmTryCompileExec399561477.dir/build
"/Users/Muku/Desktop/CMake 2.8-11.app/Contents/bin/cmake" -E cmake_progress_report /Users/Muku/Desktop/MatchPill/opencv/build/CMakeFiles/CMakeTmp/CMakeFiles 1
Building C object CMakeFiles/cmTryCompileExec399561477.dir/CMakeCCompilerABI.c.o
/usr/bin/cc    -o CMakeFiles/cmTryCompileExec399561477.dir/CMakeCCompilerABI.c.o   -c "/Users/Muku/Desktop/CMake 2.8-11.app/Contents/share/cmake-2.8/Modules/CMakeCCompilerABI.c"
Linking C executable cmTryCompileExec399561477
"/Users/Muku/Desktop/CMake 2.8-11.app/Contents/bin/cmake" -E cmake_link_script CMakeFiles/cmTryCompileExec399561477.dir/link.txt --verbose=1
/usr/bin/cc      -Wl,-search_paths_first -Wl,-headerpad_max_install_names -v -Wl,-v CMakeFiles/cmTryCompileExec399561477.dir/CMakeCCompilerABI.c.o  -o cmTryCompileExec399561477   
Apple LLVM version 4.2 (clang-425.0.28) (based on LLVM 3.2svn)
Target: x86_64-apple-darwin12.4.0
Thread model: posix
 "/usr/bin/ld" -demangle -dynamic -arch x86_64 -macosx_version_min 10.8.0 -o cmTryCompileExec399561477 -search_paths_first -headerpad_max_install_names -v CMakeFiles/cmTryCompileExec399561477.dir/CMakeCCompilerABI.c.o -lSystem /usr/bin/../lib/clang/4.2/lib/darwin/libclang_rt.osx.a
@(#)PROGRAM:ld  PROJECT:ld64-136
configured to support archs: armv6 armv7 armv7s i386 x86_64
Library search paths:
	/usr/lib
	/usr/local/lib
Framework search paths:
	/Library/Frameworks/
	/System/Library/Frameworks/


Parsed C implicit link information from above output:
  link line regex: [^( *|.*[/\])(ld|ld|collect2)[^/\]*( |$)]
  ignore line: [Change Dir: /Users/Muku/Desktop/MatchPill/opencv/build/CMakeFiles/CMakeTmp]
  ignore line: []
  ignore line: [Run Build Command:/usr/bin/make "cmTryCompileExec399561477/fast"]
  ignore line: [/usr/bin/make -f CMakeFiles/cmTryCompileExec399561477.dir/build.make CMakeFiles/cmTryCompileExec399561477.dir/build]
  ignore line: ["/Users/Muku/Desktop/CMake 2.8-11.app/Contents/bin/cmake" -E cmake_progress_report /Users/Muku/Desktop/MatchPill/opencv/build/CMakeFiles/CMakeTmp/CMakeFiles 1]
  ignore line: [Building C object CMakeFiles/cmTryCompileExec399561477.dir/CMakeCCompilerABI.c.o]
  ignore line: [/usr/bin/cc    -o CMakeFiles/cmTryCompileExec399561477.dir/CMakeCCompilerABI.c.o   -c "/Users/Muku/Desktop/CMake 2.8-11.app/Contents/share/cmake-2.8/Modules/CMakeCCompilerABI.c"]
  ignore line: [Linking C executable cmTryCompileExec399561477]
  ignore line: ["/Users/Muku/Desktop/CMake 2.8-11.app/Contents/bin/cmake" -E cmake_link_script CMakeFiles/cmTryCompileExec399561477.dir/link.txt --verbose=1]
  ignore line: [/usr/bin/cc      -Wl,-search_paths_first -Wl,-headerpad_max_install_names -v -Wl,-v CMakeFiles/cmTryCompileExec399561477.dir/CMakeCCompilerABI.c.o  -o cmTryCompileExec399561477   ]
  ignore line: [Apple LLVM version 4.2 (clang-425.0.28) (based on LLVM 3.2svn)]
  ignore line: [Target: x86_64-apple-darwin12.4.0]
  ignore line: [Thread model: posix]
  link line: [ "/usr/bin/ld" -demangle -dynamic -arch x86_64 -macosx_version_min 10.8.0 -o cmTryCompileExec399561477 -search_paths_first -headerpad_max_install_names -v CMakeFiles/cmTryCompileExec399561477.dir/CMakeCCompilerABI.c.o -lSystem /usr/bin/../lib/clang/4.2/lib/darwin/libclang_rt.osx.a]
    arg [/usr/bin/ld] ==> ignore
    arg [-demangle] ==> ignore
    arg [-dynamic] ==> ignore
    arg [-arch] ==> ignore
    arg [x86_64] ==> ignore
    arg [-macosx_version_min] ==> ignore
    arg [10.8.0] ==> ignore
    arg [-o] ==> ignore
    arg [cmTryCompileExec399561477] ==> ignore
    arg [-search_paths_first] ==> ignore
    arg [-headerpad_max_install_names] ==> ignore
    arg [-v] ==> ignore
    arg [CMakeFiles/cmTryCompileExec399561477.dir/CMakeCCompilerABI.c.o] ==> ignore
    arg [-lSystem] ==> lib [System]
    arg [/usr/bin/../lib/clang/4.2/lib/darwin/libclang_rt.osx.a] ==> lib [/usr/bin/../lib/clang/4.2/lib/darwin/libclang_rt.osx.a]
  Library search paths: [;/usr/lib;/usr/local/lib]
  Framework search paths: [;/Library/Frameworks/;/System/Library/Frameworks/]
  remove lib [System]
  collapse lib [/usr/bin/../lib/clang/4.2/lib/darwin/libclang_rt.osx.a] ==> [/usr/lib/clang/4.2/lib/darwin/libclang_rt.osx.a]
  collapse library dir [/usr/lib] ==> [/usr/lib]
  collapse library dir [/usr/local/lib] ==> [/usr/local/lib]
  collapse framework dir [/Library/Frameworks/] ==> [/Library/Frameworks]
  collapse framework dir [/System/Library/Frameworks/] ==> [/System/Library/Frameworks]
  implicit libs: [/usr/lib/clang/4.2/lib/darwin/libclang_rt.osx.a]
  implicit dirs: [/usr/lib;/usr/local/lib]
  implicit fwks: [/Library/Frameworks;/System/Library/Frameworks]


Determining if the function fseeko exists passed with the following output:
Change Dir: /Users/Muku/Desktop/MatchPill/opencv/build/CMakeFiles/CMakeTmp

Run Build Command:/usr/bin/make "cmTryCompileExec950033304/fast"
/usr/bin/make -f CMakeFiles/cmTryCompileExec950033304.dir/build.make CMakeFiles/cmTryCompileExec950033304.dir/build
"/Users/Muku/Desktop/CMake 2.8-11.app/Contents/bin/cmake" -E cmake_progress_report /Users/Muku/Desktop/MatchPill/opencv/build/CMakeFiles/CMakeTmp/CMakeFiles 1
Building C object CMakeFiles/cmTryCompileExec950033304.dir/CheckFunctionExists.c.o
/usr/bin/cc   -fsigned-char -W -Werror=return-type -Werror=address -Werror=sequence-point -Wformat -Werror=format-security -Wmissing-declarations -Wmissing-prototypes -Wstrict-prototypes -Wundef -Winit-self -Wpointer-arith -Wshadow -Wsign-promo -Wno-narrowing -Wno-delete-non-virtual-dtor -Wno-unnamed-type-template-args -fdiagnostics-show-option -fno-omit-frame-pointer -msse -msse2 -msse3  -DCHECK_FUNCTION_EXISTS=fseeko -O3 -DNDEBUG   -o CMakeFiles/cmTryCompileExec950033304.dir/CheckFunctionExists.c.o   -c "/Users/Muku/Desktop/CMake 2.8-11.app/Contents/share/cmake-2.8/Modules/CheckFunctionExists.c"
Linking C executable cmTryCompileExec950033304
"/Users/Muku/Desktop/CMake 2.8-11.app/Contents/bin/cmake" -E cmake_link_script CMakeFiles/cmTryCompileExec950033304.dir/link.txt --verbose=1
/usr/bin/cc      -fsigned-char -W -Werror=return-type -Werror=address -Werror=sequence-point -Wformat -Werror=format-security -Wmissing-declarations -Wmissing-prototypes -Wstrict-prototypes -Wundef -Winit-self -Wpointer-arith -Wshadow -Wsign-promo -Wno-narrowing -Wno-delete-non-virtual-dtor -Wno-unnamed-type-template-args -fdiagnostics-show-option -fno-omit-frame-pointer -msse -msse2 -msse3  -DCHECK_FUNCTION_EXISTS=fseeko -O3 -DNDEBUG -Wl,-search_paths_first -Wl,-headerpad_max_install_names   CMakeFiles/cmTryCompileExec950033304.dir/CheckFunctionExists.c.o  -o cmTryCompileExec950033304  


Determining if the include file unistd.h exists passed with the following output:
Change Dir: /Users/Muku/Desktop/MatchPill/opencv/build/CMakeFiles/CMakeTmp

Run Build Command:/usr/bin/make "cmTryCompileExec3545666779/fast"
/usr/bin/make -f CMakeFiles/cmTryCompileExec3545666779.dir/build.make CMakeFiles/cmTryCompileExec3545666779.dir/build
"/Users/Muku/Desktop/CMake 2.8-11.app/Contents/bin/cmake" -E cmake_progress_report /Users/Muku/Desktop/MatchPill/opencv/build/CMakeFiles/CMakeTmp/CMakeFiles 1
Building C object CMakeFiles/cmTryCompileExec3545666779.dir/CheckIncludeFile.c.o
/usr/bin/cc   -fsigned-char -W -Werror=return-type -Werror=address -Werror=sequence-point -Wformat -Werror=format-security -Wmissing-declarations -Wmissing-prototypes -Wstrict-prototypes -Wundef -Winit-self -Wpointer-arith -Wshadow -Wsign-promo -Wno-narrowing -Wno-delete-non-virtual-dtor -Wno-unnamed-type-template-args -fdiagnostics-show-option -fno-omit-frame-pointer -msse -msse2 -msse3   -O3 -DNDEBUG   -o CMakeFiles/cmTryCompileExec3545666779.dir/CheckIncludeFile.c.o   -c /Users/Muku/Desktop/MatchPill/opencv/build/CMakeFiles/CMakeTmp/CheckIncludeFile.c
Linking C executable cmTryCompileExec3545666779
"/Users/Muku/Desktop/CMake 2.8-11.app/Contents/bin/cmake" -E cmake_link_script CMakeFiles/cmTryCompileExec3545666779.dir/link.txt --verbose=1
/usr/bin/cc      -fsigned-char -W -Werror=return-type -Werror=address -Werror=sequence-point -Wformat -Werror=format-security -Wmissing-declarations -Wmissing-prototypes -Wstrict-prototypes -Wundef -Winit-self -Wpointer-arith -Wshadow -Wsign-promo -Wno-narrowing -Wno-delete-non-virtual-dtor -Wno-unnamed-type-template-args -fdiagnostics-show-option -fno-omit-frame-pointer -msse -msse2 -msse3   -O3 -DNDEBUG -Wl,-search_paths_first -Wl,-headerpad_max_install_names   CMakeFiles/cmTryCompileExec3545666779.dir/CheckIncludeFile.c.o  -o cmTryCompileExec3545666779  


Determining if the include file sys/types.h exists passed with the following output:
Change Dir: /Users/Muku/Desktop/MatchPill/opencv/build/CMakeFiles/CMakeTmp

Run Build Command:/usr/bin/make "cmTryCompileExec139972883/fast"
/usr/bin/make -f CMakeFiles/cmTryCompileExec139972883.dir/build.make CMakeFiles/cmTryCompileExec139972883.dir/build
"/Users/Muku/Desktop/CMake 2.8-11.app/Contents/bin/cmake" -E cmake_progress_report /Users/Muku/Desktop/MatchPill/opencv/build/CMakeFiles/CMakeTmp/CMakeFiles 1
Building C object CMakeFiles/cmTryCompileExec139972883.dir/CheckIncludeFile.c.o
/usr/bin/cc   -fsigned-char -W -Werror=return-type -Werror=address -Werror=sequence-point -Wformat -Werror=format-security -Wmissing-declarations -Wmissing-prototypes -Wstrict-prototypes -Wundef -Winit-self -Wpointer-arith -Wshadow -Wsign-promo -Wno-narrowing -Wno-delete-non-virtual-dtor -Wno-unnamed-type-template-args -fdiagnostics-show-option -fno-omit-frame-pointer -msse -msse2 -msse3   -O3 -DNDEBUG   -o CMakeFiles/cmTryCompileExec139972883.dir/CheckIncludeFile.c.o   -c /Users/Muku/Desktop/MatchPill/opencv/build/CMakeFiles/CMakeTmp/CheckIncludeFile.c
Linking C executable cmTryCompileExec139972883
"/Users/Muku/Desktop/CMake 2.8-11.app/Contents/bin/cmake" -E cmake_link_script CMakeFiles/cmTryCompileExec139972883.dir/link.txt --verbose=1
/usr/bin/cc      -fsigned-char -W -Werror=return-type -Werror=address -Werror=sequence-point -Wformat -Werror=format-security -Wmissing-declarations -Wmissing-prototypes -Wstrict-prototypes -Wundef -Winit-self -Wpointer-arith -Wshadow -Wsign-promo -Wno-narrowing -Wno-delete-non-virtual-dtor -Wno-unnamed-type-template-args -fdiagnostics-show-option -fno-omit-frame-pointer -msse -msse2 -msse3   -O3 -DNDEBUG -Wl,-search_paths_first -Wl,-headerpad_max_install_names   CMakeFiles/cmTryCompileExec139972883.dir/CheckIncludeFile.c.o  -o cmTryCompileExec139972883  


Determining if the include file stdint.h exists passed with the following output:
Change Dir: /Users/Muku/Desktop/MatchPill/opencv/build/CMakeFiles/CMakeTmp

Run Build Command:/usr/bin/make "cmTryCompileExec3130998878/fast"
/usr/bin/make -f CMakeFiles/cmTryCompileExec3130998878.dir/build.make CMakeFiles/cmTryCompileExec3130998878.dir/build
"/Users/Muku/Desktop/CMake 2.8-11.app/Contents/bin/cmake" -E cmake_progress_report /Users/Muku/Desktop/MatchPill/opencv/build/CMakeFiles/CMakeTmp/CMakeFiles 1
Building C object CMakeFiles/cmTryCompileExec3130998878.dir/CheckIncludeFile.c.o
/usr/bin/cc   -fsigned-char -W -Werror=return-type -Werror=address -Werror=sequence-point -Wformat -Werror=format-security -Wmissing-declarations -Wmissing-prototypes -Wstrict-prototypes -Wundef -Winit-self -Wpointer-arith -Wshadow -Wsign-promo -Wno-narrowing -Wno-delete-non-virtual-dtor -Wno-unnamed-type-template-args -fdiagnostics-show-option -fno-omit-frame-pointer -msse -msse2 -msse3   -O3 -DNDEBUG   -o CMakeFiles/cmTryCompileExec3130998878.dir/CheckIncludeFile.c.o   -c /Users/Muku/Desktop/MatchPill/opencv/build/CMakeFiles/CMakeTmp/CheckIncludeFile.c
Linking C executable cmTryCompileExec3130998878
"/Users/Muku/Desktop/CMake 2.8-11.app/Contents/bin/cmake" -E cmake_link_script CMakeFiles/cmTryCompileExec3130998878.dir/link.txt --verbose=1
/usr/bin/cc      -fsigned-char -W -Werror=return-type -Werror=address -Werror=sequence-point -Wformat -Werror=format-security -Wmissing-declarations -Wmissing-prototypes -Wstrict-prototypes -Wundef -Winit-self -Wpointer-arith -Wshadow -Wsign-promo -Wno-narrowing -Wno-delete-non-virtual-dtor -Wno-unnamed-type-template-args -fdiagnostics-show-option -fno-omit-frame-pointer -msse -msse2 -msse3   -O3 -DNDEBUG -Wl,-search_paths_first -Wl,-headerpad_max_install_names   CMakeFiles/cmTryCompileExec3130998878.dir/CheckIncludeFile.c.o  -o cmTryCompileExec3130998878  


Determining if the include file stddef.h exists passed with the following output:
Change Dir: /Users/Muku/Desktop/MatchPill/opencv/build/CMakeFiles/CMakeTmp

Run Build Command:/usr/bin/make "cmTryCompileExec472041380/fast"
/usr/bin/make -f CMakeFiles/cmTryCompileExec472041380.dir/build.make CMakeFiles/cmTryCompileExec472041380.dir/build
"/Users/Muku/Desktop/CMake 2.8-11.app/Contents/bin/cmake" -E cmake_progress_report /Users/Muku/Desktop/MatchPill/opencv/build/CMakeFiles/CMakeTmp/CMakeFiles 1
Building C object CMakeFiles/cmTryCompileExec472041380.dir/CheckIncludeFile.c.o
/usr/bin/cc   -fsigned-char -W -Werror=return-type -Werror=address -Werror=sequence-point -Wformat -Werror=format-security -Wmissing-declarations -Wmissing-prototypes -Wstrict-prototypes -Wundef -Winit-self -Wpointer-arith -Wshadow -Wsign-promo -Wno-narrowing -Wno-delete-non-virtual-dtor -Wno-unnamed-type-template-args -fdiagnostics-show-option -fno-omit-frame-pointer -msse -msse2 -msse3   -O3 -DNDEBUG   -o CMakeFiles/cmTryCompileExec472041380.dir/CheckIncludeFile.c.o   -c /Users/Muku/Desktop/MatchPill/opencv/build/CMakeFiles/CMakeTmp/CheckIncludeFile.c
Linking C executable cmTryCompileExec472041380
"/Users/Muku/Desktop/CMake 2.8-11.app/Contents/bin/cmake" -E cmake_link_script CMakeFiles/cmTryCompileExec472041380.dir/link.txt --verbose=1
/usr/bin/cc      -fsigned-char -W -Werror=return-type -Werror=address -Werror=sequence-point -Wformat -Werror=format-security -Wmissing-declarations -Wmissing-prototypes -Wstrict-prototypes -Wundef -Winit-self -Wpointer-arith -Wshadow -Wsign-promo -Wno-narrowing -Wno-delete-non-virtual-dtor -Wno-unnamed-type-template-args -fdiagnostics-show-option -fno-omit-frame-pointer -msse -msse2 -msse3   -O3 -DNDEBUG -Wl,-search_paths_first -Wl,-headerpad_max_install_names   CMakeFiles/cmTryCompileExec472041380.dir/CheckIncludeFile.c.o  -o cmTryCompileExec472041380  


Determining if the include file assert.h exists passed with the following output:
Change Dir: /Users/Muku/Desktop/MatchPill/opencv/build/CMakeFiles/CMakeTmp

Run Build Command:/usr/bin/make "cmTryCompileExec464419538/fast"
/usr/bin/make -f CMakeFiles/cmTryCompileExec464419538.dir/build.make CMakeFiles/cmTryCompileExec464419538.dir/build
"/Users/Muku/Desktop/CMake 2.8-11.app/Contents/bin/cmake" -E cmake_progress_report /Users/Muku/Desktop/MatchPill/opencv/build/CMakeFiles/CMakeTmp/CMakeFiles 1
Building C object CMakeFiles/cmTryCompileExec464419538.dir/CheckIncludeFile.c.o
/usr/bin/cc   -fsigned-char -W -Werror=return-type -Werror=address -Werror=sequence-point -Wformat -Werror=format-security -Wmissing-declarations -Wmissing-prototypes -Wstrict-prototypes -Wundef -Winit-self -Wpointer-arith -Wshadow -Wsign-promo -Wno-narrowing -Wno-delete-non-virtual-dtor -Wno-unnamed-type-template-args -fdiagnostics-show-option -fno-omit-frame-pointer -msse -msse2 -msse3   -O3 -DNDEBUG   -o CMakeFiles/cmTryCompileExec464419538.dir/CheckIncludeFile.c.o   -c /Users/Muku/Desktop/MatchPill/opencv/build/CMakeFiles/CMakeTmp/CheckIncludeFile.c
Linking C executable cmTryCompileExec464419538
"/Users/Muku/Desktop/CMake 2.8-11.app/Contents/bin/cmake" -E cmake_link_script CMakeFiles/cmTryCompileExec464419538.dir/link.txt --verbose=1
/usr/bin/cc      -fsigned-char -W -Werror=return-type -Werror=address -Werror=sequence-point -Wformat -Werror=format-security -Wmissing-declarations -Wmissing-prototypes -Wstrict-prototypes -Wundef -Winit-self -Wpointer-arith -Wshadow -Wsign-promo -Wno-narrowing -Wno-delete-non-virtual-dtor -Wno-unnamed-type-template-args -fdiagnostics-show-option -fno-omit-frame-pointer -msse -msse2 -msse3   -O3 -DNDEBUG -Wl,-search_paths_first -Wl,-headerpad_max_install_names   CMakeFiles/cmTryCompileExec464419538.dir/CheckIncludeFile.c.o  -o cmTryCompileExec464419538  


Determining if the include file fcntl.h exists passed with the following output:
Change Dir: /Users/Muku/Desktop/MatchPill/opencv/build/CMakeFiles/CMakeTmp

Run Build Command:/usr/bin/make "cmTryCompileExec1121893050/fast"
/usr/bin/make -f CMakeFiles/cmTryCompileExec1121893050.dir/build.make CMakeFiles/cmTryCompileExec1121893050.dir/build
"/Users/Muku/Desktop/CMake 2.8-11.app/Contents/bin/cmake" -E cmake_progress_report /Users/Muku/Desktop/MatchPill/opencv/build/CMakeFiles/CMakeTmp/CMakeFiles 1
Building C object CMakeFiles/cmTryCompileExec1121893050.dir/CheckIncludeFile.c.o
/usr/bin/cc   -fsigned-char -W -Werror=return-type -Werror=address -Werror=sequence-point -Wformat -Werror=format-security -Wmissing-declarations -Wmissing-prototypes -Wstrict-prototypes -Wundef -Winit-self -Wpointer-arith -Wshadow -Wsign-promo -Wno-narrowing -Wno-delete-non-virtual-dtor -Wno-unnamed-type-template-args -fdiagnostics-show-option -fno-omit-frame-pointer -msse -msse2 -msse3   -O3 -DNDEBUG   -o CMakeFiles/cmTryCompileExec1121893050.dir/CheckIncludeFile.c.o   -c /Users/Muku/Desktop/MatchPill/opencv/build/CMakeFiles/CMakeTmp/CheckIncludeFile.c
Linking C executable cmTryCompileExec1121893050
"/Users/Muku/Desktop/CMake 2.8-11.app/Contents/bin/cmake" -E cmake_link_script CMakeFiles/cmTryCompileExec1121893050.dir/link.txt --verbose=1
/usr/bin/cc      -fsigned-char -W -Werror=return-type -Werror=address -Werror=sequence-point -Wformat -Werror=format-security -Wmissing-declarations -Wmissing-prototypes -Wstrict-prototypes -Wundef -Winit-self -Wpointer-arith -Wshadow -Wsign-promo -Wno-narrowing -Wno-delete-non-virtual-dtor -Wno-unnamed-type-template-args -fdiagnostics-show-option -fno-omit-frame-pointer -msse -msse2 -msse3   -O3 -DNDEBUG -Wl,-search_paths_first -Wl,-headerpad_max_install_names   CMakeFiles/cmTryCompileExec1121893050.dir/CheckIncludeFile.c.o  -o cmTryCompileExec1121893050  


Determining if the function mmap exists passed with the following output:
Change Dir: /Users/Muku/Desktop/MatchPill/opencv/build/CMakeFiles/CMakeTmp

Run Build Command:/usr/bin/make "cmTryCompileExec3984740838/fast"
/usr/bin/make -f CMakeFiles/cmTryCompileExec3984740838.dir/build.make CMakeFiles/cmTryCompileExec3984740838.dir/build
"/Users/Muku/Desktop/CMake 2.8-11.app/Contents/bin/cmake" -E cmake_progress_report /Users/Muku/Desktop/MatchPill/opencv/build/CMakeFiles/CMakeTmp/CMakeFiles 1
Building C object CMakeFiles/cmTryCompileExec3984740838.dir/CheckFunctionExists.c.o
/usr/bin/cc   -fsigned-char -W -Werror=return-type -Werror=address -Werror=sequence-point -Wformat -Werror=format-security -Wmissing-declarations -Wmissing-prototypes -Wstrict-prototypes -Wundef -Winit-self -Wpointer-arith -Wshadow -Wsign-promo -Wno-narrowing -Wno-delete-non-virtual-dtor -Wno-unnamed-type-template-args -fdiagnostics-show-option -fno-omit-frame-pointer -msse -msse2 -msse3  -DCHECK_FUNCTION_EXISTS=mmap -O3 -DNDEBUG   -o CMakeFiles/cmTryCompileExec3984740838.dir/CheckFunctionExists.c.o   -c "/Users/Muku/Desktop/CMake 2.8-11.app/Contents/share/cmake-2.8/Modules/CheckFunctionExists.c"
Linking C executable cmTryCompileExec3984740838
"/Users/Muku/Desktop/CMake 2.8-11.app/Contents/bin/cmake" -E cmake_link_script CMakeFiles/cmTryCompileExec3984740838.dir/link.txt --verbose=1
/usr/bin/cc      -fsigned-char -W -Werror=return-type -Werror=address -Werror=sequence-point -Wformat -Werror=format-security -Wmissing-declarations -Wmissing-prototypes -Wstrict-prototypes -Wundef -Winit-self -Wpointer-arith -Wshadow -Wsign-promo -Wno-narrowing -Wno-delete-non-virtual-dtor -Wno-unnamed-type-template-args -fdiagnostics-show-option -fno-omit-frame-pointer -msse -msse2 -msse3  -DCHECK_FUNCTION_EXISTS=mmap -O3 -DNDEBUG -Wl,-search_paths_first -Wl,-headerpad_max_install_names   CMakeFiles/cmTryCompileExec3984740838.dir/CheckFunctionExists.c.o  -o cmTryCompileExec3984740838  


Determining if the include file search.h exists passed with the following output:
Change Dir: /Users/Muku/Desktop/MatchPill/opencv/build/CMakeFiles/CMakeTmp

Run Build Command:/usr/bin/make "cmTryCompileExec2691038897/fast"
/usr/bin/make -f CMakeFiles/cmTryCompileExec2691038897.dir/build.make CMakeFiles/cmTryCompileExec2691038897.dir/build
"/Users/Muku/Desktop/CMake 2.8-11.app/Contents/bin/cmake" -E cmake_progress_report /Users/Muku/Desktop/MatchPill/opencv/build/CMakeFiles/CMakeTmp/CMakeFiles 1
Building C object CMakeFiles/cmTryCompileExec2691038897.dir/CheckIncludeFile.c.o
/usr/bin/cc   -fsigned-char -W -Werror=return-type -Werror=address -Werror=sequence-point -Wformat -Werror=format-security -Wmissing-declarations -Wmissing-prototypes -Wstrict-prototypes -Wundef -Winit-self -Wpointer-arith -Wshadow -Wsign-promo -Wno-narrowing -Wno-delete-non-virtual-dtor -Wno-unnamed-type-template-args -fdiagnostics-show-option -fno-omit-frame-pointer -msse -msse2 -msse3   -O3 -DNDEBUG   -o CMakeFiles/cmTryCompileExec2691038897.dir/CheckIncludeFile.c.o   -c /Users/Muku/Desktop/MatchPill/opencv/build/CMakeFiles/CMakeTmp/CheckIncludeFile.c
Linking C executable cmTryCompileExec2691038897
"/Users/Muku/Desktop/CMake 2.8-11.app/Contents/bin/cmake" -E cmake_link_script CMakeFiles/cmTryCompileExec2691038897.dir/link.txt --verbose=1
/usr/bin/cc      -fsigned-char -W -Werror=return-type -Werror=address -Werror=sequence-point -Wformat -Werror=format-security -Wmissing-declarations -Wmissing-prototypes -Wstrict-prototypes -Wundef -Winit-self -Wpointer-arith -Wshadow -Wsign-promo -Wno-narrowing -Wno-delete-non-virtual-dtor -Wno-unnamed-type-template-args -fdiagnostics-show-option -fno-omit-frame-pointer -msse -msse2 -msse3   -O3 -DNDEBUG -Wl,-search_paths_first -Wl,-headerpad_max_install_names   CMakeFiles/cmTryCompileExec2691038897.dir/CheckIncludeFile.c.o  -o cmTryCompileExec2691038897  


Determining if the include file string.h exists passed with the following output:
Change Dir: /Users/Muku/Desktop/MatchPill/opencv/build/CMakeFiles/CMakeTmp

Run Build Command:/usr/bin/make "cmTryCompileExec1067684727/fast"
/usr/bin/make -f CMakeFiles/cmTryCompileExec1067684727.dir/build.make CMakeFiles/cmTryCompileExec1067684727.dir/build
"/Users/Muku/Desktop/CMake 2.8-11.app/Contents/bin/cmake" -E cmake_progress_report /Users/Muku/Desktop/MatchPill/opencv/build/CMakeFiles/CMakeTmp/CMakeFiles 1
Building C object CMakeFiles/cmTryCompileExec1067684727.dir/CheckIncludeFile.c.o
/usr/bin/cc   -fsigned-char -W -Werror=return-type -Werror=address -Werror=sequence-point -Wformat -Werror=format-security -Wmissing-declarations -Wmissing-prototypes -Wstrict-prototypes -Wundef -Winit-self -Wpointer-arith -Wshadow -Wsign-promo -Wno-narrowing -Wno-delete-non-virtual-dtor -Wno-unnamed-type-template-args -fdiagnostics-show-option -fno-omit-frame-pointer -msse -msse2 -msse3   -O3 -DNDEBUG   -o CMakeFiles/cmTryCompileExec1067684727.dir/CheckIncludeFile.c.o   -c /Users/Muku/Desktop/MatchPill/opencv/build/CMakeFiles/CMakeTmp/CheckIncludeFile.c
Linking C executable cmTryCompileExec1067684727
"/Users/Muku/Desktop/CMake 2.8-11.app/Contents/bin/cmake" -E cmake_link_script CMakeFiles/cmTryCompileExec1067684727.dir/link.txt --verbose=1
/usr/bin/cc      -fsigned-char -W -Werror=return-type -Werror=address -Werror=sequence-point -Wformat -Werror=format-security -Wmissing-declarations -Wmissing-prototypes -Wstrict-prototypes -Wundef -Winit-self -Wpointer-arith -Wshadow -Wsign-promo -Wno-narrowing -Wno-delete-non-virtual-dtor -Wno-unnamed-type-template-args -fdiagnostics-show-option -fno-omit-frame-pointer -msse -msse2 -msse3   -O3 -DNDEBUG -Wl,-search_paths_first -Wl,-headerpad_max_install_names   CMakeFiles/cmTryCompileExec1067684727.dir/CheckIncludeFile.c.o  -o cmTryCompileExec1067684727  


Determining if the include file unistd.h exists passed with the following output:
Change Dir: /Users/Muku/Desktop/MatchPill/opencv/build/CMakeFiles/CMakeTmp

Run Build Command:/usr/bin/make "cmTryCompileExec568986263/fast"
/usr/bin/make -f CMakeFiles/cmTryCompileExec568986263.dir/build.make CMakeFiles/cmTryCompileExec568986263.dir/build
"/Users/Muku/Desktop/CMake 2.8-11.app/Contents/bin/cmake" -E cmake_progress_report /Users/Muku/Desktop/MatchPill/opencv/build/CMakeFiles/CMakeTmp/CMakeFiles 1
Building C object CMakeFiles/cmTryCompileExec568986263.dir/CheckIncludeFile.c.o
/usr/bin/cc   -fsigned-char -W -Werror=return-type -Werror=address -Werror=sequence-point -Wformat -Werror=format-security -Wmissing-declarations -Wmissing-prototypes -Wstrict-prototypes -Wundef -Winit-self -Wpointer-arith -Wshadow -Wsign-promo -Wno-narrowing -Wno-delete-non-virtual-dtor -Wno-unnamed-type-template-args -fdiagnostics-show-option -fno-omit-frame-pointer -msse -msse2 -msse3   -O3 -DNDEBUG   -o CMakeFiles/cmTryCompileExec568986263.dir/CheckIncludeFile.c.o   -c /Users/Muku/Desktop/MatchPill/opencv/build/CMakeFiles/CMakeTmp/CheckIncludeFile.c
Linking C executable cmTryCompileExec568986263
"/Users/Muku/Desktop/CMake 2.8-11.app/Contents/bin/cmake" -E cmake_link_script CMakeFiles/cmTryCompileExec568986263.dir/link.txt --verbose=1
/usr/bin/cc      -fsigned-char -W -Werror=return-type -Werror=address -Werror=sequence-point -Wformat -Werror=format-security -Wmissing-declarations -Wmissing-prototypes -Wstrict-prototypes -Wundef -Winit-self -Wpointer-arith -Wshadow -Wsign-promo -Wno-narrowing -Wno-delete-non-virtual-dtor -Wno-unnamed-type-template-args -fdiagnostics-show-option -fno-omit-frame-pointer -msse -msse2 -msse3   -O3 -DNDEBUG -Wl,-search_paths_first -Wl,-headerpad_max_install_names   CMakeFiles/cmTryCompileExec568986263.dir/CheckIncludeFile.c.o  -o cmTryCompileExec568986263  


Determining if the include file semaphore.h exists passed with the following output:
Change Dir: /Users/Muku/Desktop/MatchPill/opencv/build/CMakeFiles/CMakeTmp

Run Build Command:/usr/bin/make "cmTryCompileExec3934353352/fast"
/usr/bin/make -f CMakeFiles/cmTryCompileExec3934353352.dir/build.make CMakeFiles/cmTryCompileExec3934353352.dir/build
"/Users/Muku/Desktop/CMake 2.8-11.app/Contents/bin/cmake" -E cmake_progress_report /Users/Muku/Desktop/MatchPill/opencv/build/CMakeFiles/CMakeTmp/CMakeFiles 1
Building C object CMakeFiles/cmTryCompileExec3934353352.dir/CheckIncludeFile.c.o
/usr/bin/cc   -fsigned-char -W -Werror=return-type -Werror=address -Werror=sequence-point -Wformat -Werror=format-security -Wmissing-declarations -Wmissing-prototypes -Wstrict-prototypes -Wundef -Winit-self -Wpointer-arith -Wshadow -Wsign-promo -Wno-narrowing -Wno-delete-non-virtual-dtor -Wno-unnamed-type-template-args -fdiagnostics-show-option -fno-omit-frame-pointer -msse -msse2 -msse3   -O3 -DNDEBUG   -o CMakeFiles/cmTryCompileExec3934353352.dir/CheckIncludeFile.c.o   -c /Users/Muku/Desktop/MatchPill/opencv/build/CMakeFiles/CMakeTmp/CheckIncludeFile.c
Linking C executable cmTryCompileExec3934353352
"/Users/Muku/Desktop/CMake 2.8-11.app/Contents/bin/cmake" -E cmake_link_script CMakeFiles/cmTryCompileExec3934353352.dir/link.txt --verbose=1
/usr/bin/cc      -fsigned-char -W -Werror=return-type -Werror=address -Werror=sequence-point -Wformat -Werror=format-security -Wmissing-declarations -Wmissing-prototypes -Wstrict-prototypes -Wundef -Winit-self -Wpointer-arith -Wshadow -Wsign-promo -Wno-narrowing -Wno-delete-non-virtual-dtor -Wno-unnamed-type-template-args -fdiagnostics-show-option -fno-omit-frame-pointer -msse -msse2 -msse3   -O3 -DNDEBUG -Wl,-search_paths_first -Wl,-headerpad_max_install_names   CMakeFiles/cmTryCompileExec3934353352.dir/CheckIncludeFile.c.o  -o cmTryCompileExec3934353352  


